{"/home/immanuel/Nairobi-Outfit-Checker/Nairobi-outfit-checker/src/Neighbourhoods.js": {"path":"/home/immanuel/Nairobi-Outfit-Checker/Nairobi-outfit-checker/src/Neighbourhoods.js","statementMap":{"0":{"start":{"line":1,"column":30},"end":{"line":10,"column":null}}},"fnMap":{},"branchMap":{},"s":{"0":2},"f":{},"b":{},"meta":{"lastBranch":0,"lastFunction":0,"lastStatement":1,"seen":{"s:1:30:10:Infinity":0}}}
,"/home/immanuel/Nairobi-Outfit-Checker/Nairobi-outfit-checker/src/firebase.js": {"path":"/home/immanuel/Nairobi-Outfit-Checker/Nairobi-outfit-checker/src/firebase.js","statementMap":{"0":{"start":{"line":4,"column":23},"end":{"line":12,"column":null}},"1":{"start":{"line":14,"column":6},"end":{"line":14,"column":41}},"2":{"start":{"line":15,"column":13},"end":{"line":15,"column":35}},"3":{"start":{"line":16,"column":13},"end":{"line":16,"column":32}},"4":{"start":{"line":17,"column":30},"end":{"line":17,"column":54}},"5":{"start":{"line":18,"column":0},"end":{"line":20,"column":null}}},"fnMap":{},"branchMap":{},"s":{"0":1,"1":1,"2":1,"3":1,"4":1,"5":1},"f":{},"b":{},"meta":{"lastBranch":0,"lastFunction":0,"lastStatement":6,"seen":{"s:4:23:12:Infinity":0,"s:14:6:14:41":1,"s:15:13:15:35":2,"s:16:13:16:32":3,"s:17:30:17:54":4,"s:18:0:20:Infinity":5}}}
,"/home/immanuel/Nairobi-Outfit-Checker/Nairobi-outfit-checker/src/components/HistoryCard.jsx": {"path":"/home/immanuel/Nairobi-Outfit-Checker/Nairobi-outfit-checker/src/components/HistoryCard.jsx","statementMap":{"0":{"start":{"line":1,"column":0},"end":{"line":1,"column":21}},"1":{"start":{"line":1,"column":21},"end":{"line":1,"column":29}},"2":{"start":{"line":1,"column":29},"end":{"line":5,"column":null}},"3":{"start":{"line":5,"column":4},"end":{"line":5,"column":null}},"4":{"start":{"line":5,"column":65},"end":{"line":5,"column":null}},"5":{"start":{"line":5,"column":65},"end":{"line":6,"column":null}},"6":{"start":{"line":6,"column":4},"end":{"line":6,"column":null}},"7":{"start":{"line":6,"column":30},"end":{"line":6,"column":null}},"8":{"start":{"line":6,"column":30},"end":{"line":7,"column":null}},"9":{"start":{"line":4,"column":4},"end":{"line":6,"column":12}},"10":{"start":{"line":7,"column":7},"end":{"line":7,"column":null}},"11":{"start":{"line":7,"column":7},"end":{"line":10,"column":null}},"12":{"start":{"line":10,"column":4},"end":{"line":10,"column":56}},"13":{"start":{"line":10,"column":56},"end":{"line":10,"column":null}},"14":{"start":{"line":10,"column":56},"end":{"line":11,"column":null}},"15":{"start":{"line":11,"column":4},"end":{"line":11,"column":55}},"16":{"start":{"line":11,"column":55},"end":{"line":11,"column":null}},"17":{"start":{"line":11,"column":55},"end":{"line":12,"column":null}},"18":{"start":{"line":12,"column":5},"end":{"line":12,"column":null}},"19":{"start":{"line":12,"column":59},"end":{"line":12,"column":null}},"20":{"start":{"line":12,"column":59},"end":{"line":13,"column":null}},"21":{"start":{"line":9,"column":1},"end":{"line":12,"column":9}},"22":{"start":{"line":13,"column":8},"end":{"line":13,"column":null}},"23":{"start":{"line":13,"column":8},"end":{"line":15,"column":null}},"24":{"start":{"line":15,"column":2},"end":{"line":15,"column":null}},"25":{"start":{"line":15,"column":53},"end":{"line":15,"column":null}},"26":{"start":{"line":15,"column":53},"end":{"line":16,"column":null}},"27":{"start":{"line":3,"column":1},"end":{"line":15,"column":19}},"28":{"start":{"line":16,"column":8},"end":{"line":16,"column":null}},"29":{"start":{"line":16,"column":8},"end":{"line":3,"column":16}}},"fnMap":{"0":{"name":"HistoryCard","decl":{"start":{"line":1,"column":0},"end":{"line":1,"column":21}},"loc":{"start":{"line":1,"column":0},"end":{"line":3,"column":16}},"line":1}},"branchMap":{"0":{"loc":{"start":{"line":1,"column":29},"end":{"line":5,"column":null}},"type":"if","locations":[{"start":{"line":1,"column":29},"end":{"line":5,"column":null}},{"start":{"line":5,"column":65},"end":{"line":5,"column":null}}],"line":1},"1":{"loc":{"start":{"line":5,"column":65},"end":{"line":6,"column":null}},"type":"if","locations":[{"start":{"line":5,"column":65},"end":{"line":6,"column":null}},{"start":{"line":6,"column":30},"end":{"line":6,"column":null}}],"line":5},"2":{"loc":{"start":{"line":6,"column":30},"end":{"line":7,"column":null}},"type":"if","locations":[{"start":{"line":6,"column":30},"end":{"line":7,"column":null}},{"start":{"line":7,"column":7},"end":{"line":7,"column":null}}],"line":6},"3":{"loc":{"start":{"line":6,"column":30},"end":{"line":6,"column":null}},"type":"binary-expr","locations":[{"start":{"line":6,"column":30},"end":{"line":6,"column":null}},{"start":{"line":6,"column":30},"end":{"line":6,"column":null}}],"line":6},"4":{"loc":{"start":{"line":7,"column":7},"end":{"line":10,"column":null}},"type":"if","locations":[{"start":{"line":7,"column":7},"end":{"line":10,"column":null}},{"start":{"line":10,"column":56},"end":{"line":10,"column":null}}],"line":7},"5":{"loc":{"start":{"line":10,"column":56},"end":{"line":11,"column":null}},"type":"if","locations":[{"start":{"line":10,"column":56},"end":{"line":11,"column":null}},{"start":{"line":11,"column":55},"end":{"line":11,"column":null}}],"line":10},"6":{"loc":{"start":{"line":11,"column":55},"end":{"line":12,"column":null}},"type":"if","locations":[{"start":{"line":11,"column":55},"end":{"line":12,"column":null}},{"start":{"line":12,"column":59},"end":{"line":12,"column":null}}],"line":11},"7":{"loc":{"start":{"line":12,"column":5},"end":{"line":12,"column":null}},"type":"binary-expr","locations":[{"start":{"line":12,"column":5},"end":{"line":12,"column":21}},{"start":{"line":12,"column":21},"end":{"line":12,"column":null}}],"line":12},"8":{"loc":{"start":{"line":12,"column":59},"end":{"line":13,"column":null}},"type":"if","locations":[{"start":{"line":12,"column":59},"end":{"line":13,"column":null}},{"start":{"line":13,"column":8},"end":{"line":13,"column":null}}],"line":12},"9":{"loc":{"start":{"line":12,"column":59},"end":{"line":12,"column":null}},"type":"binary-expr","locations":[{"start":{"line":12,"column":59},"end":{"line":12,"column":null}},{"start":{"line":12,"column":59},"end":{"line":12,"column":null}},{"start":{"line":12,"column":59},"end":{"line":12,"column":null}}],"line":12},"10":{"loc":{"start":{"line":13,"column":8},"end":{"line":15,"column":null}},"type":"if","locations":[{"start":{"line":13,"column":8},"end":{"line":15,"column":null}},{"start":{"line":15,"column":53},"end":{"line":15,"column":null}}],"line":13},"11":{"loc":{"start":{"line":15,"column":53},"end":{"line":16,"column":null}},"type":"if","locations":[{"start":{"line":15,"column":53},"end":{"line":16,"column":null}},{"start":{"line":16,"column":8},"end":{"line":16,"column":null}}],"line":15},"12":{"loc":{"start":{"line":15,"column":53},"end":{"line":15,"column":null}},"type":"binary-expr","locations":[{"start":{"line":15,"column":53},"end":{"line":15,"column":null}},{"start":{"line":15,"column":53},"end":{"line":15,"column":null}},{"start":{"line":15,"column":53},"end":{"line":15,"column":null}}],"line":15}},"s":{"0":5,"1":5,"2":5,"3":5,"4":0,"5":5,"6":5,"7":0,"8":5,"9":5,"10":0,"11":5,"12":5,"13":0,"14":5,"15":5,"16":0,"17":5,"18":5,"19":0,"20":5,"21":5,"22":0,"23":5,"24":5,"25":0,"26":5,"27":5,"28":0,"29":5},"f":{"0":5},"b":{"0":[5,0],"1":[5,0],"2":[5,0],"3":[5,0],"4":[5,0],"5":[5,0],"6":[5,0],"7":[5,1],"8":[5,0],"9":[5,0,0],"10":[5,0],"11":[5,0],"12":[5,0,0]},"meta":{"lastBranch":13,"lastFunction":1,"lastStatement":30,"seen":{"f:1:0:1:21":0,"s:1:0:1:21":0,"s:1:21:1:29":1,"b:1:29:5:Infinity:5:65:5:Infinity":0,"s:1:29:5:Infinity":2,"s:5:4:5:Infinity":3,"s:5:65:5:Infinity":4,"b:5:65:6:Infinity:6:30:6:Infinity":1,"s:5:65:6:Infinity":5,"s:6:4:6:Infinity":6,"s:6:30:6:Infinity":7,"b:6:30:7:Infinity:7:7:7:Infinity":2,"s:6:30:7:Infinity":8,"b:6:30:6:Infinity:6:30:6:Infinity":3,"s:4:4:6:12":9,"s:7:7:7:Infinity":10,"b:7:7:10:Infinity:10:56:10:Infinity":4,"s:7:7:10:Infinity":11,"s:10:4:10:56":12,"s:10:56:10:Infinity":13,"b:10:56:11:Infinity:11:55:11:Infinity":5,"s:10:56:11:Infinity":14,"s:11:4:11:55":15,"s:11:55:11:Infinity":16,"b:11:55:12:Infinity:12:59:12:Infinity":6,"s:11:55:12:Infinity":17,"s:12:5:12:Infinity":18,"b:12:5:12:21:12:21:12:Infinity":7,"s:12:59:12:Infinity":19,"b:12:59:13:Infinity:13:8:13:Infinity":8,"s:12:59:13:Infinity":20,"b:12:59:12:Infinity:12:59:12:Infinity:12:59:12:Infinity":9,"s:9:1:12:9":21,"s:13:8:13:Infinity":22,"b:13:8:15:Infinity:15:53:15:Infinity":10,"s:13:8:15:Infinity":23,"s:15:2:15:Infinity":24,"s:15:53:15:Infinity":25,"b:15:53:16:Infinity:16:8:16:Infinity":11,"s:15:53:16:Infinity":26,"b:15:53:15:Infinity:15:53:15:Infinity:15:53:15:Infinity":12,"s:3:1:15:19":27,"s:16:8:16:Infinity":28,"s:16:8:3:16":29}}}
,"/home/immanuel/Nairobi-Outfit-Checker/Nairobi-outfit-checker/src/components/Navbar.jsx": {"path":"/home/immanuel/Nairobi-Outfit-Checker/Nairobi-outfit-checker/src/components/Navbar.jsx","statementMap":{"0":{"start":{"line":4,"column":0},"end":{"line":4,"column":null}},"1":{"start":{"line":5,"column":0},"end":{"line":5,"column":30}},"2":{"start":{"line":6,"column":0},"end":{"line":6,"column":32}},"3":{"start":{"line":6,"column":33},"end":{"line":10,"column":null}},"4":{"start":{"line":10,"column":4},"end":{"line":10,"column":null}},"5":{"start":{"line":10,"column":35},"end":{"line":10,"column":null}},"6":{"start":{"line":13,"column":32},"end":{"line":13,"column":40}},"7":{"start":{"line":13,"column":73},"end":{"line":13,"column":null}},"8":{"start":{"line":13,"column":8},"end":{"line":13,"column":null}},"9":{"start":{"line":13,"column":86},"end":{"line":13,"column":null}},"10":{"start":{"line":14,"column":37},"end":{"line":14,"column":45}},"11":{"start":{"line":14,"column":83},"end":{"line":14,"column":null}},"12":{"start":{"line":14,"column":8},"end":{"line":14,"column":null}},"13":{"start":{"line":14,"column":97},"end":{"line":14,"column":null}},"14":{"start":{"line":14,"column":97},"end":{"line":19,"column":null}},"15":{"start":{"line":17,"column":13},"end":{"line":19,"column":null}},"16":{"start":{"line":19,"column":13},"end":{"line":19,"column":null}},"17":{"start":{"line":19,"column":13},"end":{"line":21,"column":null}},"18":{"start":{"line":21,"column":12},"end":{"line":21,"column":69}},"19":{"start":{"line":21,"column":69},"end":{"line":21,"column":null}},"20":{"start":{"line":21,"column":69},"end":{"line":22,"column":null}},"21":{"start":{"line":22,"column":13},"end":{"line":22,"column":null}},"22":{"start":{"line":22,"column":79},"end":{"line":22,"column":null}},"23":{"start":{"line":22,"column":79},"end":{"line":23,"column":null}},"24":{"start":{"line":16,"column":8},"end":{"line":22,"column":30}},"25":{"start":{"line":23,"column":14},"end":{"line":23,"column":null}},"26":{"start":{"line":23,"column":14},"end":{"line":25,"column":null}},"27":{"start":{"line":9,"column":4},"end":{"line":16,"column":23}},"28":{"start":{"line":25,"column":10},"end":{"line":25,"column":null}},"29":{"start":{"line":25,"column":10},"end":{"line":9,"column":19}}},"fnMap":{"0":{"name":"Navbar","decl":{"start":{"line":4,"column":0},"end":{"line":4,"column":null}},"loc":{"start":{"line":4,"column":0},"end":{"line":9,"column":19}},"line":4}},"branchMap":{"0":{"loc":{"start":{"line":6,"column":33},"end":{"line":10,"column":null}},"type":"if","locations":[{"start":{"line":6,"column":33},"end":{"line":10,"column":null}},{"start":{"line":10,"column":35},"end":{"line":10,"column":null}}],"line":6},"1":{"loc":{"start":{"line":13,"column":32},"end":{"line":13,"column":40}},"type":"cond-expr","locations":[{"start":{"line":13,"column":32},"end":{"line":13,"column":40}},{"start":{"line":13,"column":32},"end":{"line":13,"column":40}}],"line":13},"2":{"loc":{"start":{"line":13,"column":73},"end":{"line":13,"column":null}},"type":"if","locations":[{"start":{"line":13,"column":73},"end":{"line":13,"column":null}},{"start":{"line":13,"column":86},"end":{"line":13,"column":null}}],"line":13},"3":{"loc":{"start":{"line":14,"column":37},"end":{"line":14,"column":45}},"type":"cond-expr","locations":[{"start":{"line":14,"column":37},"end":{"line":14,"column":45}},{"start":{"line":14,"column":37},"end":{"line":14,"column":45}}],"line":14},"4":{"loc":{"start":{"line":14,"column":83},"end":{"line":14,"column":null}},"type":"if","locations":[{"start":{"line":14,"column":83},"end":{"line":14,"column":null}},{"start":{"line":14,"column":97},"end":{"line":14,"column":null}}],"line":14},"5":{"loc":{"start":{"line":14,"column":97},"end":{"line":19,"column":null}},"type":"if","locations":[{"start":{"line":14,"column":97},"end":{"line":19,"column":null}},{"start":{"line":19,"column":13},"end":{"line":19,"column":null}}],"line":14},"6":{"loc":{"start":{"line":17,"column":13},"end":{"line":19,"column":null}},"type":"binary-expr","locations":[{"start":{"line":17,"column":13},"end":{"line":17,"column":null}},{"start":{"line":18,"column":16},"end":{"line":19,"column":null}}],"line":17},"7":{"loc":{"start":{"line":19,"column":13},"end":{"line":21,"column":null}},"type":"if","locations":[{"start":{"line":19,"column":13},"end":{"line":21,"column":null}},{"start":{"line":21,"column":69},"end":{"line":21,"column":null}}],"line":19},"8":{"loc":{"start":{"line":21,"column":69},"end":{"line":22,"column":null}},"type":"if","locations":[{"start":{"line":21,"column":69},"end":{"line":22,"column":null}},{"start":{"line":22,"column":79},"end":{"line":22,"column":null}}],"line":21},"9":{"loc":{"start":{"line":22,"column":79},"end":{"line":23,"column":null}},"type":"if","locations":[{"start":{"line":22,"column":79},"end":{"line":23,"column":null}},{"start":{"line":23,"column":14},"end":{"line":23,"column":null}}],"line":22},"10":{"loc":{"start":{"line":22,"column":79},"end":{"line":22,"column":null}},"type":"binary-expr","locations":[{"start":{"line":22,"column":79},"end":{"line":22,"column":null}},{"start":{"line":22,"column":79},"end":{"line":22,"column":null}},{"start":{"line":22,"column":79},"end":{"line":22,"column":null}}],"line":22},"11":{"loc":{"start":{"line":23,"column":14},"end":{"line":25,"column":null}},"type":"if","locations":[{"start":{"line":23,"column":14},"end":{"line":25,"column":null}},{"start":{"line":25,"column":10},"end":{"line":25,"column":null}}],"line":23},"12":{"loc":{"start":{"line":23,"column":14},"end":{"line":23,"column":null}},"type":"binary-expr","locations":[{"start":{"line":23,"column":14},"end":{"line":23,"column":null}},{"start":{"line":23,"column":14},"end":{"line":23,"column":null}},{"start":{"line":23,"column":14},"end":{"line":23,"column":null}}],"line":23}},"s":{"0":3,"1":3,"2":3,"3":3,"4":3,"5":0,"6":3,"7":3,"8":3,"9":0,"10":3,"11":3,"12":3,"13":0,"14":3,"15":3,"16":0,"17":3,"18":3,"19":0,"20":3,"21":3,"22":0,"23":3,"24":3,"25":0,"26":3,"27":3,"28":0,"29":3},"f":{"0":3},"b":{"0":[3,0],"1":[3,0],"2":[3,0],"3":[0,3],"4":[3,0],"5":[3,0],"6":[3,0],"7":[3,0],"8":[3,0],"9":[3,0],"10":[3,0,0],"11":[3,0],"12":[3,0,0]},"meta":{"lastBranch":13,"lastFunction":1,"lastStatement":30,"seen":{"f:4:0:4:Infinity":0,"s:4:0:4:Infinity":0,"s:5:0:5:30":1,"s:6:0:6:32":2,"b:6:33:10:Infinity:10:35:10:Infinity":0,"s:6:33:10:Infinity":3,"s:10:4:10:Infinity":4,"s:10:35:10:Infinity":5,"s:13:32:13:40":6,"b:13:32:13:40:13:32:13:40":1,"b:13:73:13:Infinity:13:86:13:Infinity":2,"s:13:73:13:Infinity":7,"s:13:8:13:Infinity":8,"s:13:86:13:Infinity":9,"s:14:37:14:45":10,"b:14:37:14:45:14:37:14:45":3,"b:14:83:14:Infinity:14:97:14:Infinity":4,"s:14:83:14:Infinity":11,"s:14:8:14:Infinity":12,"s:14:97:14:Infinity":13,"b:14:97:19:Infinity:19:13:19:Infinity":5,"s:14:97:19:Infinity":14,"s:17:13:19:Infinity":15,"b:17:13:17:Infinity:18:16:19:Infinity":6,"s:19:13:19:Infinity":16,"b:19:13:21:Infinity:21:69:21:Infinity":7,"s:19:13:21:Infinity":17,"s:21:12:21:69":18,"s:21:69:21:Infinity":19,"b:21:69:22:Infinity:22:79:22:Infinity":8,"s:21:69:22:Infinity":20,"s:22:13:22:Infinity":21,"s:22:79:22:Infinity":22,"b:22:79:23:Infinity:23:14:23:Infinity":9,"s:22:79:23:Infinity":23,"b:22:79:22:Infinity:22:79:22:Infinity:22:79:22:Infinity":10,"s:16:8:22:30":24,"s:23:14:23:Infinity":25,"b:23:14:25:Infinity:25:10:25:Infinity":11,"s:23:14:25:Infinity":26,"b:23:14:23:Infinity:23:14:23:Infinity:23:14:23:Infinity":12,"s:9:4:16:23":27,"s:25:10:25:Infinity":28,"s:25:10:9:19":29}}}
,"/home/immanuel/Nairobi-Outfit-Checker/Nairobi-outfit-checker/src/components/NeighbourhoodGrid.jsx": {"path":"/home/immanuel/Nairobi-Outfit-Checker/Nairobi-outfit-checker/src/components/NeighbourhoodGrid.jsx","statementMap":{"0":{"start":{"line":2,"column":0},"end":{"line":2,"column":27}},"1":{"start":{"line":2,"column":27},"end":{"line":2,"column":62}},"2":{"start":{"line":2,"column":62},"end":{"line":7,"column":null}},"3":{"start":{"line":5,"column":6},"end":{"line":7,"column":null}},"4":{"start":{"line":7,"column":10},"end":{"line":7,"column":null}},"5":{"start":{"line":7,"column":10},"end":{"line":23,"column":null}},"6":{"start":{"line":9,"column":9},"end":{"line":23,"column":null}},"7":{"start":{"line":10,"column":27},"end":{"line":10,"column":null}},"8":{"start":{"line":11,"column":28},"end":{"line":11,"column":51}},"9":{"start":{"line":11,"column":51},"end":{"line":21,"column":null}},"10":{"start":{"line":16,"column":19},"end":{"line":16,"column":33}},"11":{"start":{"line":23,"column":3},"end":{"line":23,"column":null}},"12":{"start":{"line":23,"column":3},"end":{"line":25,"column":null}},"13":{"start":{"line":4,"column":4},"end":{"line":25,"column":7}},"14":{"start":{"line":25,"column":7},"end":{"line":25,"column":null}},"15":{"start":{"line":25,"column":7},"end":{"line":4,"column":19}}},"fnMap":{"0":{"name":"NeighbourhoodGrid","decl":{"start":{"line":2,"column":0},"end":{"line":2,"column":27}},"loc":{"start":{"line":2,"column":0},"end":{"line":4,"column":19}},"line":2},"1":{"name":"(anonymous_1)","decl":{"start":{"line":9,"column":23},"end":{"line":9,"column":28}},"loc":{"start":{"line":9,"column":28},"end":{"line":23,"column":null}},"line":9},"2":{"name":"(anonymous_2)","decl":{"start":{"line":16,"column":13},"end":{"line":16,"column":19}},"loc":{"start":{"line":16,"column":19},"end":{"line":16,"column":33}},"line":16}},"branchMap":{"0":{"loc":{"start":{"line":2,"column":62},"end":{"line":7,"column":null}},"type":"if","locations":[{"start":{"line":2,"column":62},"end":{"line":7,"column":null}},{"start":{"line":7,"column":10},"end":{"line":7,"column":null}}],"line":2},"1":{"loc":{"start":{"line":7,"column":10},"end":{"line":23,"column":null}},"type":"if","locations":[{"start":{"line":7,"column":10},"end":{"line":23,"column":null}},{"start":{"line":23,"column":3},"end":{"line":23,"column":null}}],"line":7},"2":{"loc":{"start":{"line":7,"column":10},"end":{"line":7,"column":null}},"type":"binary-expr","locations":[{"start":{"line":7,"column":10},"end":{"line":7,"column":null}},{"start":{"line":7,"column":10},"end":{"line":7,"column":null}},{"start":{"line":7,"column":10},"end":{"line":7,"column":null}}],"line":7},"3":{"loc":{"start":{"line":15,"column":36},"end":{"line":15,"column":null}},"type":"cond-expr","locations":[{"start":{"line":15,"column":36},"end":{"line":15,"column":null}},{"start":{"line":15,"column":36},"end":{"line":15,"column":null}}],"line":15},"4":{"loc":{"start":{"line":20,"column":5},"end":{"line":20,"column":null}},"type":"binary-expr","locations":[{"start":{"line":20,"column":5},"end":{"line":20,"column":18}},{"start":{"line":20,"column":18},"end":{"line":20,"column":null}}],"line":20},"5":{"loc":{"start":{"line":23,"column":3},"end":{"line":25,"column":null}},"type":"if","locations":[{"start":{"line":23,"column":3},"end":{"line":25,"column":null}},{"start":{"line":25,"column":7},"end":{"line":25,"column":null}}],"line":23}},"s":{"0":4,"1":4,"2":4,"3":4,"4":0,"5":4,"6":4,"7":32,"8":32,"9":32,"10":1,"11":0,"12":4,"13":4,"14":0,"15":4},"f":{"0":4,"1":32,"2":1},"b":{"0":[4,0],"1":[4,0],"2":[4,0,0],"3":[2,30],"4":[32,1],"5":[4,0]},"meta":{"lastBranch":6,"lastFunction":3,"lastStatement":16,"seen":{"f:2:0:2:27":0,"s:2:0:2:27":0,"s:2:27:2:62":1,"b:2:62:7:Infinity:7:10:7:Infinity":0,"s:2:62:7:Infinity":2,"s:5:6:7:Infinity":3,"s:7:10:7:Infinity":4,"b:7:10:23:Infinity:23:3:23:Infinity":1,"s:7:10:23:Infinity":5,"b:7:10:7:Infinity:7:10:7:Infinity:7:10:7:Infinity":2,"s:9:9:23:Infinity":6,"f:9:23:9:28":1,"s:10:27:10:Infinity":7,"s:11:28:11:51":8,"s:11:51:21:Infinity":9,"b:15:36:15:Infinity:15:36:15:Infinity":3,"f:16:13:16:19":2,"s:16:19:16:33":10,"b:20:5:20:18:20:18:20:Infinity":4,"s:23:3:23:Infinity":11,"b:23:3:25:Infinity:25:7:25:Infinity":5,"s:23:3:25:Infinity":12,"s:4:4:25:7":13,"s:25:7:25:Infinity":14,"s:25:7:4:19":15}}}
,"/home/immanuel/Nairobi-Outfit-Checker/Nairobi-outfit-checker/src/components/WeatherButton.jsx": {"path":"/home/immanuel/Nairobi-Outfit-Checker/Nairobi-outfit-checker/src/components/WeatherButton.jsx","statementMap":{"0":{"start":{"line":2,"column":0},"end":{"line":2,"column":23}},"1":{"start":{"line":2,"column":23},"end":{"line":2,"column":null}},"2":{"start":{"line":8,"column":7},"end":{"line":8,"column":55}},"3":{"start":{"line":8,"column":55},"end":{"line":9,"column":null}},"4":{"start":{"line":4,"column":4},"end":{"line":9,"column":null}},"5":{"start":{"line":9,"column":13},"end":{"line":9,"column":null}},"6":{"start":{"line":9,"column":13},"end":{"line":4,"column":null}}},"fnMap":{"0":{"name":"WeatherButton","decl":{"start":{"line":2,"column":0},"end":{"line":2,"column":23}},"loc":{"start":{"line":2,"column":0},"end":{"line":4,"column":null}},"line":2}},"branchMap":{"0":{"loc":{"start":{"line":8,"column":7},"end":{"line":8,"column":55}},"type":"cond-expr","locations":[{"start":{"line":8,"column":7},"end":{"line":8,"column":55}},{"start":{"line":8,"column":7},"end":{"line":8,"column":55}}],"line":8},"1":{"loc":{"start":{"line":8,"column":55},"end":{"line":9,"column":null}},"type":"if","locations":[{"start":{"line":8,"column":55},"end":{"line":9,"column":null}},{"start":{"line":9,"column":13},"end":{"line":9,"column":null}}],"line":8},"2":{"loc":{"start":{"line":8,"column":55},"end":{"line":8,"column":null}},"type":"binary-expr","locations":[{"start":{"line":8,"column":55},"end":{"line":8,"column":null}},{"start":{"line":8,"column":55},"end":{"line":8,"column":null}},{"start":{"line":8,"column":55},"end":{"line":8,"column":null}}],"line":8}},"s":{"0":4,"1":4,"2":4,"3":4,"4":4,"5":0,"6":4},"f":{"0":4},"b":{"0":[2,2],"1":[4,0],"2":[4,0,0]},"meta":{"lastBranch":3,"lastFunction":1,"lastStatement":7,"seen":{"f:2:0:2:23":0,"s:2:0:2:23":0,"s:2:23:2:Infinity":1,"s:8:7:8:55":2,"b:8:7:8:55:8:7:8:55":0,"b:8:55:9:Infinity:9:13:9:Infinity":1,"s:8:55:9:Infinity":3,"b:8:55:8:Infinity:8:55:8:Infinity:8:55:8:Infinity":2,"s:4:4:9:Infinity":4,"s:9:13:9:Infinity":5,"s:9:13:4:Infinity":6}}}
,"/home/immanuel/Nairobi-Outfit-Checker/Nairobi-outfit-checker/src/components/WeatherCard.jsx": {"path":"/home/immanuel/Nairobi-Outfit-Checker/Nairobi-outfit-checker/src/components/WeatherCard.jsx","statementMap":{"0":{"start":{"line":4,"column":0},"end":{"line":4,"column":21}},"1":{"start":{"line":4,"column":21},"end":{"line":4,"column":32}},"2":{"start":{"line":4,"column":32},"end":{"line":7,"column":null}},"3":{"start":{"line":7,"column":6},"end":{"line":7,"column":null}},"4":{"start":{"line":7,"column":38},"end":{"line":7,"column":null}},"5":{"start":{"line":7,"column":38},"end":{"line":8,"column":null}},"6":{"start":{"line":8,"column":6},"end":{"line":8,"column":49}},"7":{"start":{"line":8,"column":49},"end":{"line":8,"column":null}},"8":{"start":{"line":8,"column":49},"end":{"line":12,"column":null}},"9":{"start":{"line":12,"column":10},"end":{"line":12,"column":null}},"10":{"start":{"line":12,"column":52},"end":{"line":12,"column":null}},"11":{"start":{"line":12,"column":52},"end":{"line":14,"column":null}},"12":{"start":{"line":11,"column":8},"end":{"line":14,"column":14}},"13":{"start":{"line":14,"column":14},"end":{"line":14,"column":null}},"14":{"start":{"line":14,"column":14},"end":{"line":16,"column":null}},"15":{"start":{"line":16,"column":10},"end":{"line":16,"column":null}},"16":{"start":{"line":16,"column":55},"end":{"line":16,"column":null}},"17":{"start":{"line":16,"column":55},"end":{"line":18,"column":null}},"18":{"start":{"line":15,"column":8},"end":{"line":18,"column":14}},"19":{"start":{"line":18,"column":14},"end":{"line":18,"column":null}},"20":{"start":{"line":18,"column":14},"end":{"line":20,"column":null}},"21":{"start":{"line":20,"column":10},"end":{"line":20,"column":null}},"22":{"start":{"line":20,"column":55},"end":{"line":20,"column":null}},"23":{"start":{"line":20,"column":55},"end":{"line":22,"column":null}},"24":{"start":{"line":19,"column":8},"end":{"line":22,"column":14}},"25":{"start":{"line":22,"column":14},"end":{"line":22,"column":null}},"26":{"start":{"line":22,"column":14},"end":{"line":23,"column":null}},"27":{"start":{"line":10,"column":6},"end":{"line":19,"column":23}},"28":{"start":{"line":23,"column":12},"end":{"line":23,"column":null}},"29":{"start":{"line":23,"column":12},"end":{"line":25,"column":null}},"30":{"start":{"line":25,"column":7},"end":{"line":25,"column":null}},"31":{"start":{"line":25,"column":79},"end":{"line":25,"column":null}},"32":{"start":{"line":25,"column":79},"end":{"line":26,"column":null}},"33":{"start":{"line":6,"column":4},"end":{"line":25,"column":14}},"34":{"start":{"line":26,"column":10},"end":{"line":26,"column":null}},"35":{"start":{"line":26,"column":10},"end":{"line":6,"column":19}}},"fnMap":{"0":{"name":"WeatherCard","decl":{"start":{"line":4,"column":0},"end":{"line":4,"column":21}},"loc":{"start":{"line":4,"column":0},"end":{"line":6,"column":19}},"line":4}},"branchMap":{"0":{"loc":{"start":{"line":4,"column":32},"end":{"line":7,"column":null}},"type":"if","locations":[{"start":{"line":4,"column":32},"end":{"line":7,"column":null}},{"start":{"line":7,"column":38},"end":{"line":7,"column":null}}],"line":4},"1":{"loc":{"start":{"line":7,"column":38},"end":{"line":8,"column":null}},"type":"if","locations":[{"start":{"line":7,"column":38},"end":{"line":8,"column":null}},{"start":{"line":8,"column":49},"end":{"line":8,"column":null}}],"line":7},"2":{"loc":{"start":{"line":8,"column":49},"end":{"line":12,"column":null}},"type":"if","locations":[{"start":{"line":8,"column":49},"end":{"line":12,"column":null}},{"start":{"line":12,"column":52},"end":{"line":12,"column":null}}],"line":8},"3":{"loc":{"start":{"line":12,"column":52},"end":{"line":14,"column":null}},"type":"if","locations":[{"start":{"line":12,"column":52},"end":{"line":14,"column":null}},{"start":{"line":14,"column":14},"end":{"line":14,"column":null}}],"line":12},"4":{"loc":{"start":{"line":14,"column":14},"end":{"line":16,"column":null}},"type":"if","locations":[{"start":{"line":14,"column":14},"end":{"line":16,"column":null}},{"start":{"line":16,"column":55},"end":{"line":16,"column":null}}],"line":14},"5":{"loc":{"start":{"line":16,"column":55},"end":{"line":18,"column":null}},"type":"if","locations":[{"start":{"line":16,"column":55},"end":{"line":18,"column":null}},{"start":{"line":18,"column":14},"end":{"line":18,"column":null}}],"line":16},"6":{"loc":{"start":{"line":18,"column":14},"end":{"line":20,"column":null}},"type":"if","locations":[{"start":{"line":18,"column":14},"end":{"line":20,"column":null}},{"start":{"line":20,"column":55},"end":{"line":20,"column":null}}],"line":18},"7":{"loc":{"start":{"line":20,"column":55},"end":{"line":22,"column":null}},"type":"if","locations":[{"start":{"line":20,"column":55},"end":{"line":22,"column":null}},{"start":{"line":22,"column":14},"end":{"line":22,"column":null}}],"line":20},"8":{"loc":{"start":{"line":22,"column":14},"end":{"line":23,"column":null}},"type":"if","locations":[{"start":{"line":22,"column":14},"end":{"line":23,"column":null}},{"start":{"line":23,"column":12},"end":{"line":23,"column":null}}],"line":22},"9":{"loc":{"start":{"line":22,"column":14},"end":{"line":22,"column":null}},"type":"binary-expr","locations":[{"start":{"line":22,"column":14},"end":{"line":22,"column":null}},{"start":{"line":22,"column":14},"end":{"line":22,"column":null}},{"start":{"line":22,"column":14},"end":{"line":22,"column":null}}],"line":22},"10":{"loc":{"start":{"line":23,"column":12},"end":{"line":25,"column":null}},"type":"if","locations":[{"start":{"line":23,"column":12},"end":{"line":25,"column":null}},{"start":{"line":25,"column":79},"end":{"line":25,"column":null}}],"line":23},"11":{"loc":{"start":{"line":25,"column":7},"end":{"line":25,"column":null}},"type":"binary-expr","locations":[{"start":{"line":25,"column":7},"end":{"line":25,"column":26}},{"start":{"line":25,"column":26},"end":{"line":25,"column":null}}],"line":25},"12":{"loc":{"start":{"line":25,"column":79},"end":{"line":26,"column":null}},"type":"if","locations":[{"start":{"line":25,"column":79},"end":{"line":26,"column":null}},{"start":{"line":26,"column":10},"end":{"line":26,"column":null}}],"line":25},"13":{"loc":{"start":{"line":25,"column":79},"end":{"line":25,"column":null}},"type":"binary-expr","locations":[{"start":{"line":25,"column":79},"end":{"line":25,"column":null}},{"start":{"line":25,"column":79},"end":{"line":25,"column":null}},{"start":{"line":25,"column":79},"end":{"line":25,"column":null}},{"start":{"line":25,"column":79},"end":{"line":25,"column":null}}],"line":25}},"s":{"0":6,"1":6,"2":6,"3":6,"4":0,"5":6,"6":6,"7":0,"8":6,"9":6,"10":0,"11":6,"12":6,"13":0,"14":6,"15":6,"16":0,"17":6,"18":6,"19":0,"20":6,"21":6,"22":0,"23":6,"24":6,"25":0,"26":6,"27":6,"28":0,"29":6,"30":6,"31":0,"32":6,"33":6,"34":0,"35":6},"f":{"0":6},"b":{"0":[6,0],"1":[6,0],"2":[6,0],"3":[6,0],"4":[6,0],"5":[6,0],"6":[6,0],"7":[6,0],"8":[6,0],"9":[6,0,0],"10":[6,0],"11":[6,1],"12":[6,0],"13":[6,0,0,0]},"meta":{"lastBranch":14,"lastFunction":1,"lastStatement":36,"seen":{"f:4:0:4:21":0,"s:4:0:4:21":0,"s:4:21:4:32":1,"b:4:32:7:Infinity:7:38:7:Infinity":0,"s:4:32:7:Infinity":2,"s:7:6:7:Infinity":3,"s:7:38:7:Infinity":4,"b:7:38:8:Infinity:8:49:8:Infinity":1,"s:7:38:8:Infinity":5,"s:8:6:8:49":6,"s:8:49:8:Infinity":7,"b:8:49:12:Infinity:12:52:12:Infinity":2,"s:8:49:12:Infinity":8,"s:12:10:12:Infinity":9,"s:12:52:12:Infinity":10,"b:12:52:14:Infinity:14:14:14:Infinity":3,"s:12:52:14:Infinity":11,"s:11:8:14:14":12,"s:14:14:14:Infinity":13,"b:14:14:16:Infinity:16:55:16:Infinity":4,"s:14:14:16:Infinity":14,"s:16:10:16:Infinity":15,"s:16:55:16:Infinity":16,"b:16:55:18:Infinity:18:14:18:Infinity":5,"s:16:55:18:Infinity":17,"s:15:8:18:14":18,"s:18:14:18:Infinity":19,"b:18:14:20:Infinity:20:55:20:Infinity":6,"s:18:14:20:Infinity":20,"s:20:10:20:Infinity":21,"s:20:55:20:Infinity":22,"b:20:55:22:Infinity:22:14:22:Infinity":7,"s:20:55:22:Infinity":23,"s:19:8:22:14":24,"s:22:14:22:Infinity":25,"b:22:14:23:Infinity:23:12:23:Infinity":8,"s:22:14:23:Infinity":26,"b:22:14:22:Infinity:22:14:22:Infinity:22:14:22:Infinity":9,"s:10:6:19:23":27,"s:23:12:23:Infinity":28,"b:23:12:25:Infinity:25:79:25:Infinity":10,"s:23:12:25:Infinity":29,"s:25:7:25:Infinity":30,"b:25:7:25:26:25:26:25:Infinity":11,"s:25:79:25:Infinity":31,"b:25:79:26:Infinity:26:10:26:Infinity":12,"s:25:79:26:Infinity":32,"b:25:79:25:Infinity:25:79:25:Infinity:25:79:25:Infinity:25:79:25:Infinity":13,"s:6:4:25:14":33,"s:26:10:26:Infinity":34,"s:26:10:6:19":35}}}
,"/home/immanuel/Nairobi-Outfit-Checker/Nairobi-outfit-checker/src/pages/Home.jsx": {"path":"/home/immanuel/Nairobi-Outfit-Checker/Nairobi-outfit-checker/src/pages/Home.jsx","statementMap":{"0":{"start":{"line":12,"column":2},"end":{"line":12,"column":null}},"1":{"start":{"line":12,"column":30},"end":{"line":12,"column":null}},"2":{"start":{"line":13,"column":2},"end":{"line":13,"column":null}},"3":{"start":{"line":13,"column":31},"end":{"line":13,"column":null}},"4":{"start":{"line":14,"column":2},"end":{"line":14,"column":null}},"5":{"start":{"line":14,"column":31},"end":{"line":14,"column":null}},"6":{"start":{"line":15,"column":2},"end":{"line":15,"column":null}},"7":{"start":{"line":20,"column":18},"end":{"line":20,"column":null}},"8":{"start":{"line":21,"column":18},"end":{"line":21,"column":null}},"9":{"start":{"line":22,"column":17},"end":{"line":22,"column":null}},"10":{"start":{"line":24,"column":2},"end":{"line":30,"column":null}},"11":{"start":{"line":25,"column":4},"end":{"line":30,"column":null}},"12":{"start":{"line":33,"column":2},"end":{"line":39,"column":null}},"13":{"start":{"line":34,"column":4},"end":{"line":39,"column":null}},"14":{"start":{"line":42,"column":2},"end":{"line":48,"column":null}},"15":{"start":{"line":43,"column":4},"end":{"line":48,"column":null}},"16":{"start":{"line":51,"column":2},"end":{"line":56,"column":null}},"17":{"start":{"line":58,"column":0},"end":{"line":58,"column":null}},"18":{"start":{"line":58,"column":0},"end":{"line":59,"column":54}},"19":{"start":{"line":59,"column":51},"end":{"line":59,"column":54}},"20":{"start":{"line":59,"column":53},"end":{"line":59,"column":54}},"21":{"start":{"line":59,"column":2},"end":{"line":59,"column":53}},"22":{"start":{"line":60,"column":2},"end":{"line":60,"column":54}},"23":{"start":{"line":61,"column":2},"end":{"line":61,"column":48}},"24":{"start":{"line":61,"column":48},"end":{"line":62,"column":44}},"25":{"start":{"line":62,"column":41},"end":{"line":62,"column":44}},"26":{"start":{"line":62,"column":43},"end":{"line":62,"column":44}},"27":{"start":{"line":62,"column":2},"end":{"line":62,"column":43}},"28":{"start":{"line":63,"column":2},"end":{"line":63,"column":42}},"29":{"start":{"line":63,"column":42},"end":{"line":77,"column":8}},"30":{"start":{"line":66,"column":12},"end":{"line":76,"column":null}},"31":{"start":{"line":67,"column":24},"end":{"line":73,"column":null}},"32":{"start":{"line":68,"column":6},"end":{"line":73,"column":null}},"33":{"start":{"line":69,"column":8},"end":{"line":69,"column":80}},"34":{"start":{"line":70,"column":25},"end":{"line":70,"column":41}},"35":{"start":{"line":71,"column":8},"end":{"line":71,"column":null}},"36":{"start":{"line":72,"column":15},"end":{"line":72,"column":null}},"37":{"start":{"line":73,"column":8},"end":{"line":73,"column":null}},"38":{"start":{"line":76,"column":4},"end":{"line":76,"column":null}},"39":{"start":{"line":77,"column":5},"end":{"line":77,"column":8}},"40":{"start":{"line":77,"column":7},"end":{"line":77,"column":8}},"41":{"start":{"line":66,"column":2},"end":{"line":77,"column":null}},"42":{"start":{"line":77,"column":8},"end":{"line":140,"column":null}},"43":{"start":{"line":79,"column":23},"end":{"line":139,"column":null}},"44":{"start":{"line":80,"column":4},"end":{"line":80,"column":null}},"45":{"start":{"line":81,"column":4},"end":{"line":81,"column":null}},"46":{"start":{"line":82,"column":4},"end":{"line":82,"column":null}},"47":{"start":{"line":84,"column":4},"end":{"line":136,"column":null}},"48":{"start":{"line":86,"column":18},"end":{"line":86,"column":null}},"49":{"start":{"line":87,"column":23},"end":{"line":87,"column":39}},"50":{"start":{"line":88,"column":19},"end":{"line":88,"column":40}},"51":{"start":{"line":91,"column":127},"end":{"line":91,"column":null}},"52":{"start":{"line":93,"column":22},"end":{"line":93,"column":78}},"53":{"start":{"line":94,"column":22},"end":{"line":94,"column":39}},"54":{"start":{"line":95,"column":22},"end":{"line":95,"column":76}},"55":{"start":{"line":96,"column":23},"end":{"line":96,"column":null}},"56":{"start":{"line":97,"column":22},"end":{"line":97,"column":null}},"57":{"start":{"line":98,"column":26},"end":{"line":98,"column":88}},"58":{"start":{"line":101,"column":21},"end":{"line":101,"column":61}},"59":{"start":{"line":104,"column":26},"end":{"line":116,"column":null}},"60":{"start":{"line":119,"column":28},"end":{"line":119,"column":93}},"61":{"start":{"line":119,"column":59},"end":{"line":119,"column":93}},"62":{"start":{"line":120,"column":6},"end":{"line":125,"column":null}},"63":{"start":{"line":121,"column":24},"end":{"line":121,"column":41}},"64":{"start":{"line":122,"column":8},"end":{"line":122,"column":null}},"65":{"start":{"line":123,"column":8},"end":{"line":123,"column":null}},"66":{"start":{"line":125,"column":8},"end":{"line":125,"column":null}},"67":{"start":{"line":125,"column":32},"end":{"line":125,"column":54}},"68":{"start":{"line":129,"column":6},"end":{"line":129,"column":null}},"69":{"start":{"line":130,"column":6},"end":{"line":130,"column":78}},"70":{"start":{"line":131,"column":23},"end":{"line":131,"column":39}},"71":{"start":{"line":132,"column":6},"end":{"line":132,"column":null}},"72":{"start":{"line":134,"column":13},"end":{"line":134,"column":null}},"73":{"start":{"line":135,"column":6},"end":{"line":135,"column":null}},"74":{"start":{"line":136,"column":6},"end":{"line":136,"column":null}},"75":{"start":{"line":139,"column":4},"end":{"line":139,"column":null}},"76":{"start":{"line":140,"column":3},"end":{"line":140,"column":null}},"77":{"start":{"line":79,"column":23},"end":{"line":79,"column":null}},"78":{"start":{"line":140,"column":3},"end":{"line":145,"column":null}},"79":{"start":{"line":144,"column":6},"end":{"line":144,"column":null}},"80":{"start":{"line":145,"column":6},"end":{"line":145,"column":null}},"81":{"start":{"line":145,"column":86},"end":{"line":145,"column":null}},"82":{"start":{"line":145,"column":86},"end":{"line":151,"column":null}},"83":{"start":{"line":147,"column":6},"end":{"line":151,"column":null}},"84":{"start":{"line":151,"column":8},"end":{"line":151,"column":null}},"85":{"start":{"line":151,"column":8},"end":{"line":153,"column":null}},"86":{"start":{"line":153,"column":7},"end":{"line":153,"column":null}},"87":{"start":{"line":153,"column":48},"end":{"line":153,"column":null}},"88":{"start":{"line":153,"column":48},"end":{"line":161,"column":null}},"89":{"start":{"line":155,"column":7},"end":{"line":161,"column":null}},"90":{"start":{"line":161,"column":7},"end":{"line":161,"column":null}},"91":{"start":{"line":161,"column":7},"end":{"line":164,"column":null}},"92":{"start":{"line":164,"column":8},"end":{"line":164,"column":null}},"93":{"start":{"line":164,"column":30},"end":{"line":164,"column":null}},"94":{"start":{"line":164,"column":30},"end":{"line":169,"column":null}},"95":{"start":{"line":165,"column":9},"end":{"line":169,"column":null}},"96":{"start":{"line":169,"column":9},"end":{"line":169,"column":null}},"97":{"start":{"line":169,"column":9},"end":{"line":170,"column":null}},"98":{"start":{"line":163,"column":6},"end":{"line":165,"column":16}},"99":{"start":{"line":170,"column":12},"end":{"line":170,"column":null}},"100":{"start":{"line":170,"column":12},"end":{"line":171,"column":null}},"101":{"start":{"line":143,"column":4},"end":{"line":163,"column":21}},"102":{"start":{"line":171,"column":10},"end":{"line":171,"column":null}},"103":{"start":{"line":171,"column":10},"end":{"line":143,"column":19}},"104":{"start":{"line":58,"column":0},"end":{"line":168,"column":null}},"105":{"start":{"line":58,"column":0},"end":{"line":158,"column":null}},"106":{"start":{"line":58,"column":0},"end":{"line":132,"column":74}},"107":{"start":{"line":58,"column":0},"end":{"line":98,"column":69}},"108":{"start":{"line":58,"column":0},"end":{"line":95,"column":61}},"109":{"start":{"line":58,"column":0},"end":{"line":93,"column":62}},"110":{"start":{"line":58,"column":0},"end":{"line":71,"column":76}}},"fnMap":{"0":{"name":"getTimeOfDay","decl":{"start":{"line":11,"column":16},"end":{"line":11,"column":29}},"loc":{"start":{"line":11,"column":35},"end":{"line":15,"column":null}},"line":11},"1":{"name":"getOutfit","decl":{"start":{"line":19,"column":16},"end":{"line":19,"column":26}},"loc":{"start":{"line":19,"column":50},"end":{"line":56,"column":null}},"line":19},"2":{"name":"Home","decl":{"start":{"line":58,"column":0},"end":{"line":58,"column":null}},"loc":{"start":{"line":58,"column":0},"end":{"line":143,"column":19}},"line":58},"3":{"name":"(anonymous_3)","decl":{"start":{"line":66,"column":12},"end":{"line":66,"column":null}},"loc":{"start":{"line":66,"column":12},"end":{"line":76,"column":null}},"line":66},"4":{"name":"(anonymous_4)","decl":{"start":{"line":67,"column":24},"end":{"line":67,"column":null}},"loc":{"start":{"line":67,"column":24},"end":{"line":73,"column":null}},"line":67},"5":{"name":"(anonymous_5)","decl":{"start":{"line":79,"column":23},"end":{"line":79,"column":null}},"loc":{"start":{"line":79,"column":23},"end":{"line":139,"column":null}},"line":79},"6":{"name":"(anonymous_6)","decl":{"start":{"line":119,"column":40},"end":{"line":119,"column":51}},"loc":{"start":{"line":119,"column":59},"end":{"line":119,"column":93}},"line":119},"7":{"name":"(anonymous_7)","decl":{"start":{"line":125,"column":8},"end":{"line":125,"column":24}},"loc":{"start":{"line":125,"column":32},"end":{"line":125,"column":54}},"line":125}},"branchMap":{"0":{"loc":{"start":{"line":12,"column":2},"end":{"line":12,"column":null}},"type":"if","locations":[{"start":{"line":12,"column":2},"end":{"line":12,"column":null}},{"start":{},"end":{}}],"line":12},"1":{"loc":{"start":{"line":12,"column":6},"end":{"line":12,"column":30}},"type":"binary-expr","locations":[{"start":{"line":12,"column":6},"end":{"line":12,"column":19}},{"start":{"line":12,"column":19},"end":{"line":12,"column":30}}],"line":12},"2":{"loc":{"start":{"line":13,"column":2},"end":{"line":13,"column":null}},"type":"if","locations":[{"start":{"line":13,"column":2},"end":{"line":13,"column":null}},{"start":{},"end":{}}],"line":13},"3":{"loc":{"start":{"line":13,"column":6},"end":{"line":13,"column":31}},"type":"binary-expr","locations":[{"start":{"line":13,"column":6},"end":{"line":13,"column":20}},{"start":{"line":13,"column":20},"end":{"line":13,"column":31}}],"line":13},"4":{"loc":{"start":{"line":14,"column":2},"end":{"line":14,"column":null}},"type":"if","locations":[{"start":{"line":14,"column":2},"end":{"line":14,"column":null}},{"start":{},"end":{}}],"line":14},"5":{"loc":{"start":{"line":14,"column":6},"end":{"line":14,"column":31}},"type":"binary-expr","locations":[{"start":{"line":14,"column":6},"end":{"line":14,"column":20}},{"start":{"line":14,"column":20},"end":{"line":14,"column":31}}],"line":14},"6":{"loc":{"start":{"line":22,"column":17},"end":{"line":22,"column":null}},"type":"binary-expr","locations":[{"start":{"line":22,"column":17},"end":{"line":22,"column":30}},{"start":{"line":22,"column":30},"end":{"line":22,"column":null}}],"line":22},"7":{"loc":{"start":{"line":24,"column":2},"end":{"line":30,"column":null}},"type":"if","locations":[{"start":{"line":24,"column":2},"end":{"line":30,"column":null}},{"start":{},"end":{}}],"line":24},"8":{"loc":{"start":{"line":28,"column":14},"end":{"line":28,"column":null}},"type":"cond-expr","locations":[{"start":{"line":28,"column":24},"end":{"line":28,"column":49}},{"start":{"line":28,"column":49},"end":{"line":28,"column":null}}],"line":28},"9":{"loc":{"start":{"line":33,"column":2},"end":{"line":39,"column":null}},"type":"if","locations":[{"start":{"line":33,"column":2},"end":{"line":39,"column":null}},{"start":{},"end":{}}],"line":33},"10":{"loc":{"start":{"line":37,"column":14},"end":{"line":37,"column":null}},"type":"cond-expr","locations":[{"start":{"line":37,"column":24},"end":{"line":37,"column":37}},{"start":{"line":37,"column":37},"end":{"line":37,"column":null}}],"line":37},"11":{"loc":{"start":{"line":37,"column":37},"end":{"line":37,"column":null}},"type":"cond-expr","locations":[{"start":{"line":37,"column":47},"end":{"line":37,"column":63}},{"start":{"line":37,"column":63},"end":{"line":37,"column":null}}],"line":37},"12":{"loc":{"start":{"line":42,"column":2},"end":{"line":48,"column":null}},"type":"if","locations":[{"start":{"line":42,"column":2},"end":{"line":48,"column":null}},{"start":{},"end":{}}],"line":42},"13":{"loc":{"start":{"line":44,"column":11},"end":{"line":44,"column":null}},"type":"cond-expr","locations":[{"start":{"line":44,"column":20},"end":{"line":44,"column":37}},{"start":{"line":44,"column":37},"end":{"line":44,"column":null}}],"line":44},"14":{"loc":{"start":{"line":46,"column":14},"end":{"line":46,"column":null}},"type":"cond-expr","locations":[{"start":{"line":46,"column":24},"end":{"line":46,"column":50}},{"start":{"line":46,"column":50},"end":{"line":46,"column":null}}],"line":46},"15":{"loc":{"start":{"line":46,"column":50},"end":{"line":46,"column":null}},"type":"cond-expr","locations":[{"start":{"line":46,"column":60},"end":{"line":46,"column":70}},{"start":{"line":46,"column":70},"end":{"line":46,"column":null}}],"line":46},"16":{"loc":{"start":{"line":54,"column":12},"end":{"line":54,"column":null}},"type":"cond-expr","locations":[{"start":{"line":54,"column":22},"end":{"line":54,"column":49}},{"start":{"line":54,"column":49},"end":{"line":54,"column":null}}],"line":54},"17":{"loc":{"start":{"line":58,"column":0},"end":{"line":59,"column":54}},"type":"if","locations":[{"start":{"line":58,"column":0},"end":{"line":59,"column":54}},{"start":{"line":59,"column":53},"end":{"line":59,"column":54}}],"line":58},"18":{"loc":{"start":{"line":61,"column":48},"end":{"line":62,"column":44}},"type":"if","locations":[{"start":{"line":61,"column":48},"end":{"line":62,"column":44}},{"start":{"line":62,"column":43},"end":{"line":62,"column":44}}],"line":61},"19":{"loc":{"start":{"line":63,"column":42},"end":{"line":77,"column":8}},"type":"if","locations":[{"start":{"line":63,"column":42},"end":{"line":77,"column":8}},{"start":{"line":77,"column":7},"end":{"line":77,"column":8}}],"line":63},"20":{"loc":{"start":{"line":77,"column":8},"end":{"line":140,"column":null}},"type":"if","locations":[{"start":{"line":77,"column":8},"end":{"line":140,"column":null}},{"start":{"line":140,"column":3},"end":{"line":140,"column":null}}],"line":77},"21":{"loc":{"start":{"line":120,"column":6},"end":{"line":125,"column":null}},"type":"if","locations":[{"start":{"line":120,"column":6},"end":{"line":125,"column":null}},{"start":{"line":123,"column":32},"end":{"line":125,"column":null}}],"line":120},"22":{"loc":{"start":{"line":140,"column":3},"end":{"line":145,"column":null}},"type":"if","locations":[{"start":{"line":140,"column":3},"end":{"line":145,"column":null}},{"start":{"line":145,"column":86},"end":{"line":145,"column":null}}],"line":140},"23":{"loc":{"start":{"line":145,"column":86},"end":{"line":151,"column":null}},"type":"if","locations":[{"start":{"line":145,"column":86},"end":{"line":151,"column":null}},{"start":{"line":151,"column":8},"end":{"line":151,"column":null}}],"line":145},"24":{"loc":{"start":{"line":145,"column":86},"end":{"line":145,"column":null}},"type":"binary-expr","locations":[{"start":{"line":145,"column":86},"end":{"line":145,"column":null}},{"start":{"line":145,"column":86},"end":{"line":145,"column":null}},{"start":{"line":145,"column":86},"end":{"line":145,"column":null}}],"line":145},"25":{"loc":{"start":{"line":151,"column":8},"end":{"line":153,"column":null}},"type":"if","locations":[{"start":{"line":151,"column":8},"end":{"line":153,"column":null}},{"start":{"line":153,"column":48},"end":{"line":153,"column":null}}],"line":151},"26":{"loc":{"start":{"line":153,"column":7},"end":{"line":153,"column":null}},"type":"binary-expr","locations":[{"start":{"line":153,"column":7},"end":{"line":153,"column":16}},{"start":{"line":153,"column":16},"end":{"line":153,"column":null}}],"line":153},"27":{"loc":{"start":{"line":153,"column":48},"end":{"line":161,"column":null}},"type":"if","locations":[{"start":{"line":153,"column":48},"end":{"line":161,"column":null}},{"start":{"line":161,"column":7},"end":{"line":161,"column":null}}],"line":153},"28":{"loc":{"start":{"line":155,"column":7},"end":{"line":161,"column":null}},"type":"binary-expr","locations":[{"start":{"line":155,"column":7},"end":{"line":155,"column":null}},{"start":{"line":156,"column":8},"end":{"line":161,"column":null}}],"line":155},"29":{"loc":{"start":{"line":161,"column":7},"end":{"line":164,"column":null}},"type":"if","locations":[{"start":{"line":161,"column":7},"end":{"line":164,"column":null}},{"start":{"line":164,"column":30},"end":{"line":164,"column":null}}],"line":161},"30":{"loc":{"start":{"line":164,"column":30},"end":{"line":169,"column":null}},"type":"if","locations":[{"start":{"line":164,"column":30},"end":{"line":169,"column":null}},{"start":{"line":169,"column":9},"end":{"line":169,"column":null}}],"line":164},"31":{"loc":{"start":{"line":165,"column":9},"end":{"line":168,"column":30}},"type":"cond-expr","locations":[{"start":{"line":166,"column":10},"end":{"line":168,"column":17}},{"start":{"line":168,"column":10},"end":{"line":168,"column":30}}],"line":165},"32":{"loc":{"start":{"line":169,"column":9},"end":{"line":170,"column":null}},"type":"if","locations":[{"start":{"line":169,"column":9},"end":{"line":170,"column":null}},{"start":{"line":170,"column":12},"end":{"line":170,"column":null}}],"line":169},"33":{"loc":{"start":{"line":170,"column":12},"end":{"line":171,"column":null}},"type":"if","locations":[{"start":{"line":170,"column":12},"end":{"line":171,"column":null}},{"start":{"line":171,"column":10},"end":{"line":171,"column":null}}],"line":170},"34":{"loc":{"start":{"line":170,"column":12},"end":{"line":170,"column":null}},"type":"binary-expr","locations":[{"start":{"line":170,"column":12},"end":{"line":170,"column":null}},{"start":{"line":170,"column":12},"end":{"line":170,"column":null}},{"start":{"line":170,"column":12},"end":{"line":170,"column":null}},{"start":{"line":170,"column":12},"end":{"line":170,"column":null}}],"line":170}},"s":{"0":4,"1":1,"2":3,"3":1,"4":2,"5":1,"6":1,"7":8,"8":8,"9":8,"10":8,"11":1,"12":7,"13":4,"14":3,"15":2,"16":1,"17":0,"18":0,"19":0,"20":0,"21":0,"22":0,"23":0,"24":0,"25":0,"26":0,"27":0,"28":0,"29":0,"30":0,"31":0,"32":0,"33":0,"34":0,"35":0,"36":0,"37":0,"38":0,"39":0,"40":0,"41":0,"42":0,"43":0,"44":0,"45":0,"46":0,"47":0,"48":0,"49":0,"50":0,"51":0,"52":0,"53":0,"54":0,"55":0,"56":0,"57":0,"58":0,"59":0,"60":0,"61":0,"62":0,"63":0,"64":0,"65":0,"66":0,"67":0,"68":0,"69":0,"70":0,"71":0,"72":0,"73":0,"74":0,"75":0,"76":0,"77":0,"78":0,"79":0,"80":0,"81":0,"82":0,"83":0,"84":0,"85":0,"86":0,"87":0,"88":0,"89":0,"90":0,"91":0,"92":0,"93":0,"94":0,"95":0,"96":0,"97":0,"98":0,"99":0,"100":0,"101":0,"102":0,"103":0,"104":0,"105":0,"106":0,"107":0,"108":0,"109":0,"110":0},"f":{"0":4,"1":8,"2":0,"3":0,"4":0,"5":0,"6":0,"7":0},"b":{"0":[1,3],"1":[4,3],"2":[1,2],"3":[3,2],"4":[1,1],"5":[2,1],"6":[8,7],"7":[1,7],"8":[0,1],"9":[4,3],"10":[2,2],"11":[0,2],"12":[2,1],"13":[1,1],"14":[0,2],"15":[0,2],"16":[0,1],"17":[0,0],"18":[0,0],"19":[0,0],"20":[0,0],"21":[0,0],"22":[0,0],"23":[0,0],"24":[0,0,0],"25":[0,0],"26":[0,0],"27":[0,0],"28":[0,0],"29":[0,0],"30":[0,0],"31":[0,0],"32":[0,0],"33":[0,0],"34":[0,0,0,0]},"meta":{"lastBranch":35,"lastFunction":8,"lastStatement":111,"seen":{"f:11:16:11:29":0,"b:12:2:12:Infinity:undefined:undefined:undefined:undefined":0,"s:12:2:12:Infinity":0,"b:12:6:12:19:12:19:12:30":1,"s:12:30:12:Infinity":1,"b:13:2:13:Infinity:undefined:undefined:undefined:undefined":2,"s:13:2:13:Infinity":2,"b:13:6:13:20:13:20:13:31":3,"s:13:31:13:Infinity":3,"b:14:2:14:Infinity:undefined:undefined:undefined:undefined":4,"s:14:2:14:Infinity":4,"b:14:6:14:20:14:20:14:31":5,"s:14:31:14:Infinity":5,"s:15:2:15:Infinity":6,"f:19:16:19:26":1,"s:20:18:20:Infinity":7,"s:21:18:21:Infinity":8,"s:22:17:22:Infinity":9,"b:22:17:22:30:22:30:22:Infinity":6,"b:24:2:30:Infinity:undefined:undefined:undefined:undefined":7,"s:24:2:30:Infinity":10,"s:25:4:30:Infinity":11,"b:28:24:28:49:28:49:28:Infinity":8,"b:33:2:39:Infinity:undefined:undefined:undefined:undefined":9,"s:33:2:39:Infinity":12,"s:34:4:39:Infinity":13,"b:37:24:37:37:37:37:37:Infinity":10,"b:37:47:37:63:37:63:37:Infinity":11,"b:42:2:48:Infinity:undefined:undefined:undefined:undefined":12,"s:42:2:48:Infinity":14,"s:43:4:48:Infinity":15,"b:44:20:44:37:44:37:44:Infinity":13,"b:46:24:46:50:46:50:46:Infinity":14,"b:46:60:46:70:46:70:46:Infinity":15,"s:51:2:56:Infinity":16,"b:54:22:54:49:54:49:54:Infinity":16,"f:58:0:58:Infinity":2,"s:58:0:58:Infinity":17,"b:58:0:59:54:59:53:59:54":17,"s:58:0:59:54":18,"s:59:51:59:54":19,"s:59:53:59:54":20,"s:59:2:59:53":21,"s:60:2:60:54":22,"s:61:2:61:48":23,"b:61:48:62:44:62:43:62:44":18,"s:61:48:62:44":24,"s:62:41:62:44":25,"s:62:43:62:44":26,"s:62:2:62:43":27,"s:63:2:63:42":28,"b:63:42:77:8:77:7:77:8":19,"s:63:42:77:8":29,"s:66:12:76:Infinity":30,"f:66:12:66:Infinity":3,"s:67:24:73:Infinity":31,"f:67:24:67:Infinity":4,"s:68:6:73:Infinity":32,"s:69:8:69:80":33,"s:70:25:70:41":34,"s:71:8:71:Infinity":35,"s:72:15:72:Infinity":36,"s:73:8:73:Infinity":37,"s:76:4:76:Infinity":38,"s:77:5:77:8":39,"s:77:7:77:8":40,"s:66:2:77:Infinity":41,"b:77:8:140:Infinity:140:3:140:Infinity":20,"s:77:8:140:Infinity":42,"s:79:23:139:Infinity":43,"f:79:23:79:Infinity":5,"s:80:4:80:Infinity":44,"s:81:4:81:Infinity":45,"s:82:4:82:Infinity":46,"s:84:4:136:Infinity":47,"s:86:18:86:Infinity":48,"s:87:23:87:39":49,"s:88:19:88:40":50,"s:91:127:91:Infinity":51,"s:93:22:93:78":52,"s:94:22:94:39":53,"s:95:22:95:76":54,"s:96:23:96:Infinity":55,"s:97:22:97:Infinity":56,"s:98:26:98:88":57,"s:101:21:101:61":58,"s:104:26:116:Infinity":59,"s:119:28:119:93":60,"f:119:40:119:51":6,"s:119:59:119:93":61,"b:120:6:125:Infinity:123:32:125:Infinity":21,"s:120:6:125:Infinity":62,"s:121:24:121:41":63,"s:122:8:122:Infinity":64,"s:123:8:123:Infinity":65,"s:125:8:125:Infinity":66,"f:125:8:125:24":7,"s:125:32:125:54":67,"s:129:6:129:Infinity":68,"s:130:6:130:78":69,"s:131:23:131:39":70,"s:132:6:132:Infinity":71,"s:134:13:134:Infinity":72,"s:135:6:135:Infinity":73,"s:136:6:136:Infinity":74,"s:139:4:139:Infinity":75,"s:140:3:140:Infinity":76,"s:79:23:79:Infinity":77,"b:140:3:145:Infinity:145:86:145:Infinity":22,"s:140:3:145:Infinity":78,"s:144:6:144:Infinity":79,"s:145:6:145:Infinity":80,"s:145:86:145:Infinity":81,"b:145:86:151:Infinity:151:8:151:Infinity":23,"s:145:86:151:Infinity":82,"b:145:86:145:Infinity:145:86:145:Infinity:145:86:145:Infinity":24,"s:147:6:151:Infinity":83,"s:151:8:151:Infinity":84,"b:151:8:153:Infinity:153:48:153:Infinity":25,"s:151:8:153:Infinity":85,"s:153:7:153:Infinity":86,"b:153:7:153:16:153:16:153:Infinity":26,"s:153:48:153:Infinity":87,"b:153:48:161:Infinity:161:7:161:Infinity":27,"s:153:48:161:Infinity":88,"s:155:7:161:Infinity":89,"b:155:7:155:Infinity:156:8:161:Infinity":28,"s:161:7:161:Infinity":90,"b:161:7:164:Infinity:164:30:164:Infinity":29,"s:161:7:164:Infinity":91,"s:164:8:164:Infinity":92,"s:164:30:164:Infinity":93,"b:164:30:169:Infinity:169:9:169:Infinity":30,"s:164:30:169:Infinity":94,"s:165:9:169:Infinity":95,"b:166:10:168:17:168:10:168:30":31,"s:169:9:169:Infinity":96,"b:169:9:170:Infinity:170:12:170:Infinity":32,"s:169:9:170:Infinity":97,"s:163:6:165:16":98,"s:170:12:170:Infinity":99,"b:170:12:171:Infinity:171:10:171:Infinity":33,"s:170:12:171:Infinity":100,"b:170:12:170:Infinity:170:12:170:Infinity:170:12:170:Infinity:170:12:170:Infinity":34,"s:143:4:163:21":101,"s:171:10:171:Infinity":102,"s:171:10:143:19":103,"s:58:0:168:Infinity":104,"s:58:0:158:Infinity":105,"s:58:0:132:74":106,"s:58:0:98:69":107,"s:58:0:95:61":108,"s:58:0:93:62":109,"s:58:0:71:76":110}}}
}
